[35m[1mConsolidate compiler generated dependencies of target pavbot_gps[0m
[ 50%] [32mBuilding CXX object CMakeFiles/pavbot_gps.dir/src/pavbot_gps.cpp.o[0m
[01m[K/home/mrstalford/ros2_ws/src/pavbot_gps/src/pavbot_gps.cpp:[m[K In constructor â€˜[01m[KPavbotGPS::PavbotGPS()[m[Kâ€™:
[01m[K/home/mrstalford/ros2_ws/src/pavbot_gps/src/pavbot_gps.cpp:169:5:[m[K [01;31m[Kerror: [m[Kinvalid use of member function â€˜[01m[KGPS PavbotGPS::gps()[m[Kâ€™ (did you forget the â€˜[01m[K()[m[Kâ€™ ?)
  169 |     [01;31m[Kgps[m[K.configure(port, B4800, timeout_ms);
      |     [01;31m[K^~~[m[K
      |        [32m[K()[m[K
gmake[2]: *** [CMakeFiles/pavbot_gps.dir/build.make:76: CMakeFiles/pavbot_gps.dir/src/pavbot_gps.cpp.o] Error 1
gmake[1]: *** [CMakeFiles/Makefile2:137: CMakeFiles/pavbot_gps.dir/all] Error 2
gmake: *** [Makefile:146: all] Error 2
