[0.071s] Invoking command in '/home/mrstalford/ros2_ws/src/pavbot_gps/build/pavbot_gps': CMAKE_PREFIX_PATH=${CMAKE_PREFIX_PATH}:/opt/ros/humble /usr/bin/cmake --build /home/mrstalford/ros2_ws/src/pavbot_gps/build/pavbot_gps -- -j4 -l4
[0.262s] [35m[1mConsolidate compiler generated dependencies of target pavbot_gps[0m
[0.367s] [ 50%] [32mBuilding CXX object CMakeFiles/pavbot_gps.dir/src/pavbot_gps.cpp.o[0m
[10.584s] In file included from [01m[K/home/mrstalford/ros2_ws/src/pavbot_gps/src/pavbot_gps.cpp:16[m[K:
[10.585s] [01m[K/home/mrstalford/ros2_ws/src/pavbot_gps/src/gps.h:48:5:[m[K [01;31m[Kerror: [m[Kâ€˜[01m[KPair[m[Kâ€™ does not name a type
[10.585s]    48 |     [01;31m[KPair[m[K<int> readLatLng() {
[10.586s]       |     [01;31m[K^~~~[m[K
[10.587s] [01m[K/home/mrstalford/ros2_ws/src/pavbot_gps/src/gps.h:[m[K In member function â€˜[01m[Kbool GPS::close()[m[Kâ€™:
[10.588s] [01m[K/home/mrstalford/ros2_ws/src/pavbot_gps/src/gps.h:54:5:[m[K [01;35m[Kwarning: [m[Kno return statement in function returning non-void [[01;35m[K]8;;https://gcc.gnu.org/onlinedocs/gcc/Warning-Options.html#index-Wreturn-type-Wreturn-type]8;;[m[K]
[10.588s]    54 |     [01;35m[K}[m[K
[10.589s]       |     [01;35m[K^[m[K
[13.946s] gmake[2]: *** [CMakeFiles/pavbot_gps.dir/build.make:76: CMakeFiles/pavbot_gps.dir/src/pavbot_gps.cpp.o] Error 1
[13.951s] gmake[1]: *** [CMakeFiles/Makefile2:137: CMakeFiles/pavbot_gps.dir/all] Error 2
[13.951s] gmake: *** [Makefile:146: all] Error 2
[13.959s] Invoked command in '/home/mrstalford/ros2_ws/src/pavbot_gps/build/pavbot_gps' returned '2': CMAKE_PREFIX_PATH=${CMAKE_PREFIX_PATH}:/opt/ros/humble /usr/bin/cmake --build /home/mrstalford/ros2_ws/src/pavbot_gps/build/pavbot_gps -- -j4 -l4
