[0.066s] Invoking command in '/home/mrstalford/ros2_ws/src/pavbot_gps/build/pavbot_gps': CMAKE_PREFIX_PATH=${CMAKE_PREFIX_PATH}:/opt/ros/humble /usr/bin/cmake --build /home/mrstalford/ros2_ws/src/pavbot_gps/build/pavbot_gps -- -j4 -l4
[0.265s] [35m[1mConsolidate compiler generated dependencies of target pavbot_gps[0m
[0.369s] [ 50%] [32mBuilding CXX object CMakeFiles/pavbot_gps.dir/src/pavbot_gps.cpp.o[0m
[10.601s] In file included from [01m[K/home/mrstalford/ros2_ws/src/pavbot_gps/src/pavbot_gps.cpp:16[m[K:
[10.602s] [01m[K/home/mrstalford/ros2_ws/src/pavbot_gps/src/gps.h:49:10:[m[K [01;31m[Kerror: [m[Kâ€˜[01m[KPair[m[Kâ€™ in namespace â€˜[01m[Kstd[m[Kâ€™ does not name a template type; did you mean â€˜[01m[Kpair[m[Kâ€™?
[10.602s]    49 |     std::[01;31m[KPair[m[K<float, float> readLatLng() {
[10.603s]       |          [01;31m[K^~~~[m[K
[10.604s]       |          [32m[Kpair[m[K
[10.604s] [01m[K/home/mrstalford/ros2_ws/src/pavbot_gps/src/gps.h:[m[K In member function â€˜[01m[Kbool GPS::close()[m[Kâ€™:
[10.605s] [01m[K/home/mrstalford/ros2_ws/src/pavbot_gps/src/gps.h:55:5:[m[K [01;35m[Kwarning: [m[Kno return statement in function returning non-void [[01;35m[K]8;;https://gcc.gnu.org/onlinedocs/gcc/Warning-Options.html#index-Wreturn-type-Wreturn-type]8;;[m[K]
[10.605s]    55 |     [01;35m[K}[m[K
[10.605s]       |     [01;35m[K^[m[K
[13.808s] gmake[2]: *** [CMakeFiles/pavbot_gps.dir/build.make:76: CMakeFiles/pavbot_gps.dir/src/pavbot_gps.cpp.o] Error 1
[13.809s] gmake[1]: *** [CMakeFiles/Makefile2:137: CMakeFiles/pavbot_gps.dir/all] Error 2
[13.810s] gmake: *** [Makefile:146: all] Error 2
[13.818s] Invoked command in '/home/mrstalford/ros2_ws/src/pavbot_gps/build/pavbot_gps' returned '2': CMAKE_PREFIX_PATH=${CMAKE_PREFIX_PATH}:/opt/ros/humble /usr/bin/cmake --build /home/mrstalford/ros2_ws/src/pavbot_gps/build/pavbot_gps -- -j4 -l4
