[0.075s] Invoking command in '/home/mrstalford/ros2_ws/src/pavbot_gps/build/pavbot_gps': CMAKE_PREFIX_PATH=${CMAKE_PREFIX_PATH}:/opt/ros/humble /usr/bin/cmake --build /home/mrstalford/ros2_ws/src/pavbot_gps/build/pavbot_gps -- -j4 -l4
[0.265s] [35m[1mConsolidate compiler generated dependencies of target pavbot_gps[0m
[0.366s] [ 50%] [32mBuilding CXX object CMakeFiles/pavbot_gps.dir/src/pavbot_gps.cpp.o[0m
[10.565s] In file included from [01m[K/home/mrstalford/ros2_ws/src/pavbot_gps/src/pavbot_gps.cpp:16[m[K:
[10.565s] [01m[K/home/mrstalford/ros2_ws/src/pavbot_gps/src/gps.h:[m[K In member function â€˜[01m[Kvoid GPS::configure(std::string, speed_t, int)[m[Kâ€™:
[10.566s] [01m[K/home/mrstalford/ros2_ws/src/pavbot_gps/src/gps.h:19:14:[m[K [01;31m[Kerror: [m[Krequest for member â€˜[01m[Kport[m[Kâ€™ in â€˜[01m[K(GPS*)this[m[Kâ€™, which is of pointer type â€˜[01m[KGPS*[m[Kâ€™ (maybe you meant to use â€˜[01m[K->[m[Kâ€™ ?)
[10.566s]    19 |         this.[01;31m[Kport[m[K = port;
[10.567s]       |              [01;31m[K^~~~[m[K
[10.567s] [01m[K/home/mrstalford/ros2_ws/src/pavbot_gps/src/gps.h:20:14:[m[K [01;31m[Kerror: [m[Krequest for member â€˜[01m[Kbaud[m[Kâ€™ in â€˜[01m[K(GPS*)this[m[Kâ€™, which is of pointer type â€˜[01m[KGPS*[m[Kâ€™ (maybe you meant to use â€˜[01m[K->[m[Kâ€™ ?)
[10.568s]    20 |         this.[01;31m[Kbaud[m[K = baud;
[10.568s]       |              [01;31m[K^~~~[m[K
[10.569s] [01m[K/home/mrstalford/ros2_ws/src/pavbot_gps/src/gps.h:21:14:[m[K [01;31m[Kerror: [m[Krequest for member â€˜[01m[Ktimeout_ms[m[Kâ€™ in â€˜[01m[K(GPS*)this[m[Kâ€™, which is of pointer type â€˜[01m[KGPS*[m[Kâ€™ (maybe you meant to use â€˜[01m[K->[m[Kâ€™ ?)
[10.569s]    21 |         this.[01;31m[Ktimeout_ms[m[K = timeout_ms;
[10.569s]       |              [01;31m[K^~~~~~~~~~[m[K
[10.594s] In file included from [01m[K/opt/ros/humble/include/rclcpp/rclcpp/node.hpp:1321[m[K,
[10.595s]                  from [01m[K/opt/ros/humble/include/rclcpp/rclcpp/executors/single_threaded_executor.hpp:28[m[K,
[10.596s]                  from [01m[K/opt/ros/humble/include/rclcpp/rclcpp/executors.hpp:22[m[K,
[10.596s]                  from [01m[K/opt/ros/humble/include/rclcpp/rclcpp/rclcpp.hpp:155[m[K,
[10.596s]                  from [01m[K/home/mrstalford/ros2_ws/src/pavbot_gps/src/pavbot_gps.cpp:12[m[K:
[10.597s] /opt/ros/humble/include/rclcpp/rclcpp/node_impl.hpp: In instantiation of â€˜[01m[Kauto rclcpp::Node::declare_parameter(const string&, const ParameterT&, const ParameterDescriptor&, bool) [with ParameterT = unsigned int; std::string = std::__cxx11::basic_string<char>; rcl_interfaces::msg::ParameterDescriptor = rcl_interfaces::msg::ParameterDescriptor_<std::allocator<void> >][m[Kâ€™:
[10.598s] [01m[K/home/mrstalford/ros2_ws/src/pavbot_gps/src/pavbot_gps.cpp:148:38:[m[K   required from here
[10.598s] [01m[K/opt/ros/humble/include/rclcpp/rclcpp/node_impl.hpp:204:15:[m[K [01;31m[Kerror: [m[Kcall of overloaded â€˜[01m[KParameterValue(const unsigned int&)[m[Kâ€™ is ambiguous
[10.599s]   204 |       rclcpp::[01;31m[KParameterValue(default_value)[m[K,
[10.599s]       |               [01;31m[K^~~~~~~~~~~~~~~~~~~~~~~~~~~~~[m[K
[10.600s] In file included from [01m[K/opt/ros/humble/include/rclcpp/rclcpp/parameter.hpp:26[m[K,
[10.600s]                  from [01m[K/opt/ros/humble/include/rclcpp/rclcpp/node_interfaces/node_parameters_interface.hpp:29[m[K,
[10.600s]                  from [01m[K/opt/ros/humble/include/rclcpp/rclcpp/node.hpp:54[m[K,
[10.601s]                  from [01m[K/opt/ros/humble/include/rclcpp/rclcpp/executors/single_threaded_executor.hpp:28[m[K,
[10.601s]                  from [01m[K/opt/ros/humble/include/rclcpp/rclcpp/executors.hpp:22[m[K,
[10.602s]                  from [01m[K/opt/ros/humble/include/rclcpp/rclcpp/rclcpp.hpp:155[m[K,
[10.602s]                  from [01m[K/home/mrstalford/ros2_ws/src/pavbot_gps/src/pavbot_gps.cpp:12[m[K:
[10.603s] [01m[K/opt/ros/humble/include/rclcpp/rclcpp/parameter_value.hpp:94:12:[m[K [01;36m[Knote: [m[Kcandidate: â€˜[01m[Krclcpp::ParameterValue::ParameterValue(double)[m[Kâ€™
[10.603s]    94 |   explicit [01;36m[KParameterValue[m[K(const double double_value);
[10.604s]       |            [01;36m[K^~~~~~~~~~~~~~[m[K
[10.604s] [01m[K/opt/ros/humble/include/rclcpp/rclcpp/parameter_value.hpp:91:12:[m[K [01;36m[Knote: [m[Kcandidate: â€˜[01m[Krclcpp::ParameterValue::ParameterValue(float)[m[Kâ€™
[10.605s]    91 |   explicit [01;36m[KParameterValue[m[K(const float double_value);
[10.605s]       |            [01;36m[K^~~~~~~~~~~~~~[m[K
[10.606s] [01m[K/opt/ros/humble/include/rclcpp/rclcpp/parameter_value.hpp:88:12:[m[K [01;36m[Knote: [m[Kcandidate: â€˜[01m[Krclcpp::ParameterValue::ParameterValue(int64_t)[m[Kâ€™
[10.606s]    88 |   explicit [01;36m[KParameterValue[m[K(const int64_t int_value);
[10.607s]       |            [01;36m[K^~~~~~~~~~~~~~[m[K
[10.607s] [01m[K/opt/ros/humble/include/rclcpp/rclcpp/parameter_value.hpp:85:12:[m[K [01;36m[Knote: [m[Kcandidate: â€˜[01m[Krclcpp::ParameterValue::ParameterValue(int)[m[Kâ€™
[10.608s]    85 |   explicit [01;36m[KParameterValue[m[K(const int int_value);
[10.608s]       |            [01;36m[K^~~~~~~~~~~~~~[m[K
[10.608s] [01m[K/opt/ros/humble/include/rclcpp/rclcpp/parameter_value.hpp:82:12:[m[K [01;36m[Knote: [m[Kcandidate: â€˜[01m[Krclcpp::ParameterValue::ParameterValue(bool)[m[Kâ€™
[10.609s]    82 |   explicit [01;36m[KParameterValue[m[K(const bool bool_value);
[10.609s]       |            [01;36m[K^~~~~~~~~~~~~~[m[K
[10.610s] [01m[K/opt/ros/humble/include/rclcpp/rclcpp/parameter_value.hpp:71:7:[m[K [01;36m[Knote: [m[Kcandidate: â€˜[01m[Krclcpp::ParameterValue::ParameterValue(const rclcpp::ParameterValue&)[m[Kâ€™
[10.610s]    71 | class [01;36m[KParameterValue[m[K
[10.611s]       |       [01;36m[K^~~~~~~~~~~~~~[m[K
[10.611s] [01m[K/opt/ros/humble/include/rclcpp/rclcpp/parameter_value.hpp:71:7:[m[K [01;36m[Knote: [m[Kcandidate: â€˜[01m[Krclcpp::ParameterValue::ParameterValue(rclcpp::ParameterValue&&)[m[Kâ€™
[10.649s] [01m[K/home/mrstalford/ros2_ws/src/pavbot_gps/src/pavbot_gps.cpp:[m[K In constructor â€˜[01m[KPavbotGPS::PavbotGPS()[m[Kâ€™:
[10.649s] [01m[K/home/mrstalford/ros2_ws/src/pavbot_gps/src/pavbot_gps.cpp:169:5:[m[K [01;31m[Kerror: [m[Kinvalid use of member function â€˜[01m[KGPS PavbotGPS::gps()[m[Kâ€™ (did you forget the â€˜[01m[K()[m[Kâ€™ ?)
[10.650s]   169 |     [01;31m[Kgps[m[K.configure(port, baud, timeout_ms);
[10.650s]       |     [01;31m[K^~~[m[K
[10.651s]       |        [32m[K()[m[K
[13.730s] gmake[2]: *** [CMakeFiles/pavbot_gps.dir/build.make:76: CMakeFiles/pavbot_gps.dir/src/pavbot_gps.cpp.o] Error 1
[13.731s] gmake[1]: *** [CMakeFiles/Makefile2:137: CMakeFiles/pavbot_gps.dir/all] Error 2
[13.732s] gmake: *** [Makefile:146: all] Error 2
[13.741s] Invoked command in '/home/mrstalford/ros2_ws/src/pavbot_gps/build/pavbot_gps' returned '2': CMAKE_PREFIX_PATH=${CMAKE_PREFIX_PATH}:/opt/ros/humble /usr/bin/cmake --build /home/mrstalford/ros2_ws/src/pavbot_gps/build/pavbot_gps -- -j4 -l4
