[35m[1mConsolidate compiler generated dependencies of target pavbot_gps[0m
[ 50%] [32mBuilding CXX object CMakeFiles/pavbot_gps.dir/src/pavbot_gps.cpp.o[0m
In file included from [01m[K/home/mrstalford/ros2_ws/src/pavbot_gps/src/pavbot_gps.cpp:16[m[K:
[01m[K/home/mrstalford/ros2_ws/src/pavbot_gps/src/gps.h:[m[K In member function â€˜[01m[Kbool GPS::close()[m[Kâ€™:
[01m[K/home/mrstalford/ros2_ws/src/pavbot_gps/src/gps.h:89:5:[m[K [01;35m[Kwarning: [m[Kno return statement in function returning non-void [[01;35m[K]8;;https://gcc.gnu.org/onlinedocs/gcc/Warning-Options.html#index-Wreturn-type-Wreturn-type]8;;[m[K]
   89 |     [01;35m[K}[m[K
      |     [01;35m[K^[m[K
[01m[K/home/mrstalford/ros2_ws/src/pavbot_gps/src/pavbot_gps.cpp:[m[K In member function â€˜[01m[Kvoid PavbotGPS::update()[m[Kâ€™:
[01m[K/home/mrstalford/ros2_ws/src/pavbot_gps/src/pavbot_gps.cpp:53:5:[m[K [01;31m[Kerror: [m[Kâ€˜[01m[Kstatus[m[Kâ€™ was not declared in this scope; did you mean â€˜[01m[Kstat64[m[Kâ€™?
   53 |     [01;31m[Kstatus[m[K = gps.readLatLng(latLng);
      |     [01;31m[K^~~~~~[m[K
      |     [32m[Kstat64[m[K
[01m[K/home/mrstalford/ros2_ws/src/pavbot_gps/src/pavbot_gps.cpp:[m[K In constructor â€˜[01m[KPavbotGPS::PavbotGPS()[m[Kâ€™:
[01m[K/home/mrstalford/ros2_ws/src/pavbot_gps/src/pavbot_gps.cpp:87:5:[m[K [01;31m[Kerror: [m[Kâ€˜[01m[Klast_d_lat[m[Kâ€™ was not declared in this scope
   87 |     [01;31m[Klast_d_lat[m[K = 0;
      |     [01;31m[K^~~~~~~~~~[m[K
[01m[K/home/mrstalford/ros2_ws/src/pavbot_gps/src/pavbot_gps.cpp:88:5:[m[K [01;31m[Kerror: [m[Kâ€˜[01m[Klast_d_lng[m[Kâ€™ was not declared in this scope
   88 |     [01;31m[Klast_d_lng[m[K = 0;
      |     [01;31m[K^~~~~~~~~~[m[K
gmake[2]: *** [CMakeFiles/pavbot_gps.dir/build.make:76: CMakeFiles/pavbot_gps.dir/src/pavbot_gps.cpp.o] Error 1
gmake[1]: *** [CMakeFiles/Makefile2:137: CMakeFiles/pavbot_gps.dir/all] Error 2
gmake: *** [Makefile:146: all] Error 2
