[0.072s] Invoking command in '/home/mrstalford/ros2_ws/src/pavbot_gps/build/pavbot_gps': CMAKE_PREFIX_PATH=${CMAKE_PREFIX_PATH}:/opt/ros/humble /usr/bin/cmake --build /home/mrstalford/ros2_ws/src/pavbot_gps/build/pavbot_gps -- -j4 -l4
[0.263s] [35m[1mConsolidate compiler generated dependencies of target pavbot_gps[0m
[0.365s] [ 50%] [32mBuilding CXX object CMakeFiles/pavbot_gps.dir/src/pavbot_gps.cpp.o[0m
[10.568s] [01m[K/home/mrstalford/ros2_ws/src/pavbot_gps/src/pavbot_gps.cpp:[m[K In constructor â€˜[01m[KPavbotGPS::PavbotGPS()[m[Kâ€™:
[10.569s] [01m[K/home/mrstalford/ros2_ws/src/pavbot_gps/src/pavbot_gps.cpp:145:34:[m[K [01;31m[Kerror: [m[Kno matching function for call to â€˜[01m[KGPS::GPS()[m[Kâ€™
[10.569s]   145 |   PavbotGPS() : Node("pavbot_gps"[01;31m[K)[m[K {
[10.569s]       |                                  [01;31m[K^[m[K
[10.570s] In file included from [01m[K/home/mrstalford/ros2_ws/src/pavbot_gps/src/pavbot_gps.cpp:16[m[K:
[10.570s] [01m[K/home/mrstalford/ros2_ws/src/pavbot_gps/src/gps.h:14:5:[m[K [01;36m[Knote: [m[Kcandidate: â€˜[01m[KGPS::GPS(std::string, speed_t, int)[m[Kâ€™
[10.570s]    14 |     [01;36m[KGPS[m[K(std::string port, speed_t baud, int imeout)
[10.571s]       |     [01;36m[K^~~[m[K
[10.572s] [01m[K/home/mrstalford/ros2_ws/src/pavbot_gps/src/gps.h:14:5:[m[K [01;36m[Knote: [m[K  candidate expects 3 arguments, 0 provided
[10.573s] [01m[K/home/mrstalford/ros2_ws/src/pavbot_gps/src/gps.h:12:7:[m[K [01;36m[Knote: [m[Kcandidate: â€˜[01m[KGPS::GPS(const GPS&)[m[Kâ€™
[10.573s]    12 | class [01;36m[KGPS[m[K {
[10.574s]       |       [01;36m[K^~~[m[K
[10.574s] [01m[K/home/mrstalford/ros2_ws/src/pavbot_gps/src/gps.h:12:7:[m[K [01;36m[Knote: [m[K  candidate expects 1 argument, 0 provided
[10.575s] [01m[K/home/mrstalford/ros2_ws/src/pavbot_gps/src/gps.h:12:7:[m[K [01;36m[Knote: [m[Kcandidate: â€˜[01m[KGPS::GPS(GPS&&)[m[Kâ€™
[10.575s] [01m[K/home/mrstalford/ros2_ws/src/pavbot_gps/src/gps.h:12:7:[m[K [01;36m[Knote: [m[K  candidate expects 1 argument, 0 provided
[13.879s] gmake[2]: *** [CMakeFiles/pavbot_gps.dir/build.make:76: CMakeFiles/pavbot_gps.dir/src/pavbot_gps.cpp.o] Error 1
[13.880s] gmake[1]: *** [CMakeFiles/Makefile2:137: CMakeFiles/pavbot_gps.dir/all] Error 2
[13.881s] gmake: *** [Makefile:146: all] Error 2
[13.889s] Invoked command in '/home/mrstalford/ros2_ws/src/pavbot_gps/build/pavbot_gps' returned '2': CMAKE_PREFIX_PATH=${CMAKE_PREFIX_PATH}:/opt/ros/humble /usr/bin/cmake --build /home/mrstalford/ros2_ws/src/pavbot_gps/build/pavbot_gps -- -j4 -l4
