[0.074s] Invoking command in '/home/mrstalford/ros2_ws/src/pavbot_gps/build/pavbot_gps': CMAKE_PREFIX_PATH=${CMAKE_PREFIX_PATH}:/opt/ros/humble /usr/bin/cmake --build /home/mrstalford/ros2_ws/src/pavbot_gps/build/pavbot_gps -- -j4 -l4
[0.263s] [35m[1mConsolidate compiler generated dependencies of target pavbot_gps[0m
[0.367s] [ 50%] [32mBuilding CXX object CMakeFiles/pavbot_gps.dir/src/pavbot_gps.cpp.o[0m
[10.847s] [01m[K/home/mrstalford/ros2_ws/src/pavbot_gps/src/pavbot_gps.cpp:[m[K In constructor â€˜[01m[KPavbotGPS::PavbotGPS()[m[Kâ€™:
[10.848s] [01m[K/home/mrstalford/ros2_ws/src/pavbot_gps/src/pavbot_gps.cpp:168:6:[m[K [01;31m[Kerror: [m[Kinvalid use of member function â€˜[01m[KGPS PavbotGPS::gps()[m[Kâ€™ (did you forget the â€˜[01m[K()[m[Kâ€™ ?)
[10.848s]   168 |      [01;31m[Kgps[m[K = new GPS("test", B4800, 500);
[10.849s]       |      [01;31m[K^~~[m[K
[10.849s]       |         [32m[K()[m[K
[13.959s] gmake[2]: *** [CMakeFiles/pavbot_gps.dir/build.make:76: CMakeFiles/pavbot_gps.dir/src/pavbot_gps.cpp.o] Error 1
[13.960s] gmake[1]: *** [CMakeFiles/Makefile2:137: CMakeFiles/pavbot_gps.dir/all] Error 2
[13.963s] gmake: *** [Makefile:146: all] Error 2
[13.970s] Invoked command in '/home/mrstalford/ros2_ws/src/pavbot_gps/build/pavbot_gps' returned '2': CMAKE_PREFIX_PATH=${CMAKE_PREFIX_PATH}:/opt/ros/humble /usr/bin/cmake --build /home/mrstalford/ros2_ws/src/pavbot_gps/build/pavbot_gps -- -j4 -l4
