[01m[K/home/mrstalford/ros2_ws/src/pavbot_gps/src/pavbot_gps.cpp:[m[K In member function â€˜[01m[Kvoid PavbotGPS::update()[m[Kâ€™:
[01m[K/home/mrstalford/ros2_ws/src/pavbot_gps/src/pavbot_gps.cpp:41:5:[m[K [01;31m[Kerror: [m[Kâ€˜[01m[Kestop_pub[m[Kâ€™ was not declared in this scope
   41 |     [01;31m[Kestop_pub[m[K->publish(msg);
      |     [01;31m[K^~~~~~~~~[m[K
[01m[K/home/mrstalford/ros2_ws/src/pavbot_gps/src/pavbot_gps.cpp:[m[K In constructor â€˜[01m[KPavbotGPS::PavbotGPS()[m[Kâ€™:
[01m[K/home/mrstalford/ros2_ws/src/pavbot_gps/src/pavbot_gps.cpp:58:5:[m[K [01;31m[Kerror: [m[Kâ€˜[01m[Kestop_pub[m[Kâ€™ was not declared in this scope
   58 |     [01;31m[Kestop_pub[m[K = create_publisher<std_msgs::msg::Bool>("/sensors/gps", rclcpp::QoS(1).transient_local() // a queue depth of 1 to keep the latest value :)
      |     [01;31m[K^~~~~~~~~[m[K
gmake[2]: *** [CMakeFiles/pavbot_gps.dir/build.make:76: CMakeFiles/pavbot_gps.dir/src/pavbot_gps.cpp.o] Error 1
gmake[1]: *** [CMakeFiles/Makefile2:137: CMakeFiles/pavbot_gps.dir/all] Error 2
gmake: *** [Makefile:146: all] Error 2
