-- The C compiler identification is GNU 11.4.0
-- The CXX compiler identification is GNU 11.4.0
-- Detecting C compiler ABI info
-- Detecting C compiler ABI info - done
-- Check for working C compiler: /usr/bin/cc - skipped
-- Detecting C compile features
-- Detecting C compile features - done
-- Detecting CXX compiler ABI info
-- Detecting CXX compiler ABI info - done
-- Check for working CXX compiler: /usr/bin/c++ - skipped
-- Detecting CXX compile features
-- Detecting CXX compile features - done
-- Found ament_cmake: 1.3.12 (/opt/ros/humble/share/ament_cmake/cmake)
-- Found Python3: /usr/bin/python3 (found version "3.10.12") found components: Interpreter 
-- Found rclcpp: 16.0.17 (/opt/ros/humble/share/rclcpp/cmake)
-- Found rosidl_generator_c: 3.1.8 (/opt/ros/humble/share/rosidl_generator_c/cmake)
-- Found rosidl_adapter: 3.1.8 (/opt/ros/humble/share/rosidl_adapter/cmake)
-- Found rosidl_generator_cpp: 3.1.8 (/opt/ros/humble/share/rosidl_generator_cpp/cmake)
-- Using all available rosidl_typesupport_c: rosidl_typesupport_fastrtps_c;rosidl_typesupport_introspection_c
-- Using all available rosidl_typesupport_cpp: rosidl_typesupport_fastrtps_cpp;rosidl_typesupport_introspection_cpp
-- Found rmw_implementation_cmake: 6.1.2 (/opt/ros/humble/share/rmw_implementation_cmake/cmake)
-- Found rmw_fastrtps_cpp: 6.2.9 (/opt/ros/humble/share/rmw_fastrtps_cpp/cmake)
-- Found OpenSSL: /usr/lib/aarch64-linux-gnu/libcrypto.so (found version "3.0.2")  
-- Found FastRTPS: /opt/ros/humble/include  
-- Using RMW implementation 'rmw_fastrtps_cpp' as default
-- Looking for pthread.h
-- Looking for pthread.h - found
-- Performing Test CMAKE_HAVE_LIBC_PTHREAD
-- Performing Test CMAKE_HAVE_LIBC_PTHREAD - Success
-- Found Threads: TRUE  
-- Configuring done
-- Generating done
-- Build files have been written to: /home/mrstalford/ros2_ws/src/pavbot_gps/build/pavbot_gps
[ 50%] [32mBuilding CXX object CMakeFiles/pavbot_gps.dir/src/pavbot_gps.cpp.o[0m
[01m[K/home/mrstalford/ros2_ws/src/pavbot_gps/src/pavbot_gps.cpp:[m[K In member function â€˜[01m[Kvoid PavbotGPS::update()[m[Kâ€™:
[01m[K/home/mrstalford/ros2_ws/src/pavbot_gps/src/pavbot_gps.cpp:41:5:[m[K [01;31m[Kerror: [m[Kâ€˜[01m[Kestop_pub[m[Kâ€™ was not declared in this scope
   41 |     [01;31m[Kestop_pub[m[K->publish(msg);
      |     [01;31m[K^~~~~~~~~[m[K
[01m[K/home/mrstalford/ros2_ws/src/pavbot_gps/src/pavbot_gps.cpp:[m[K In constructor â€˜[01m[KPavbotGPS::PavbotGPS()[m[Kâ€™:
[01m[K/home/mrstalford/ros2_ws/src/pavbot_gps/src/pavbot_gps.cpp:58:5:[m[K [01;31m[Kerror: [m[Kâ€˜[01m[Kestop_pub[m[Kâ€™ was not declared in this scope
   58 |     [01;31m[Kestop_pub[m[K = create_publisher<std_msgs::msg::Bool>("/sensors/gps", rclcpp::QoS(1).transient_local() // a queue depth of 1 to keep the latest value :)
      |     [01;31m[K^~~~~~~~~[m[K
gmake[2]: *** [CMakeFiles/pavbot_gps.dir/build.make:76: CMakeFiles/pavbot_gps.dir/src/pavbot_gps.cpp.o] Error 1
gmake[1]: *** [CMakeFiles/Makefile2:137: CMakeFiles/pavbot_gps.dir/all] Error 2
gmake: *** [Makefile:146: all] Error 2
